<?xml version="1.0" encoding="UTF-8"?>
<testng-results skipped="0" failed="0" ignored="0" total="1" passed="1">
  <reporter-output>
  </reporter-output>
  <suite name="QA Automation test suite" duration-ms="32428" started-at="2018-02-06T23:58:15Z" finished-at="2018-02-06T23:58:47Z">
    <groups>
    </groups>
    <test name="Set Login-SendAMail" duration-ms="32428" started-at="2018-02-06T23:58:15Z" finished-at="2018-02-06T23:58:47Z">
      <class name="usBelarItGroupTestCase.SendAMail">
        <test-method status="PASS" signature="setUp()[pri:0, instance:usBelarItGroupTestCase.SendAMail@91161c7]" name="setUp" is-config="true" duration-ms="4541" started-at="2018-02-07T01:58:15Z" finished-at="2018-02-07T01:58:19Z">
          <reporter-output>
          </reporter-output>
        </test-method> <!-- setUp -->
        <test-method status="PASS" signature="setUpPage()[pri:0, instance:usBelarItGroupTestCase.SendAMail@91161c7]" name="setUpPage" is-config="true" duration-ms="20" started-at="2018-02-07T01:58:19Z" finished-at="2018-02-07T01:58:19Z">
          <reporter-output>
          </reporter-output>
        </test-method> <!-- setUpPage -->
        <test-method status="PASS" signature="sendAMail(usBelarItGroupTestCase.TestLoginParametr)[pri:0, instance:usBelarItGroupTestCase.SendAMail@91161c7]" name="sendAMail" duration-ms="24057" started-at="2018-02-07T01:58:19Z" data-provider="myData" finished-at="2018-02-07T01:58:43Z">
          <params>
            <param index="0">
              <value>
                <![CDATA[usBelarItGroupTestCase.TestLoginParametr@d23e042]]>
              </value>
            </param>
          </params>
          <reporter-output>
          </reporter-output>
        </test-method> <!-- sendAMail -->
        <test-method status="PASS" signature="tearDownLogin()[pri:0, instance:usBelarItGroupTestCase.SendAMail@91161c7]" name="tearDownLogin" is-config="true" duration-ms="3050" started-at="2018-02-07T01:58:43Z" finished-at="2018-02-07T01:58:46Z">
          <reporter-output>
          </reporter-output>
        </test-method> <!-- tearDownLogin -->
        <test-method status="PASS" signature="tearDown()[pri:0, instance:usBelarItGroupTestCase.SendAMail@91161c7]" name="tearDown" is-config="true" duration-ms="700" started-at="2018-02-07T01:58:46Z" finished-at="2018-02-07T01:58:47Z">
          <reporter-output>
          </reporter-output>
        </test-method> <!-- tearDown -->
      </class> <!-- usBelarItGroupTestCase.SendAMail -->
    </test> <!-- Set Login-SendAMail -->
  </suite> <!-- QA Automation test suite -->
</testng-results>
